INFO  2019-11-08 16:50:30.235 [restartedMain] com.knmz.Application Line:55  - Starting Application on DESKTOP-J8I2VCH with PID 58460 (started by Administrator in E:\Program Files\gitHub\test\knmz-api)
INFO  2019-11-08 16:50:30.237 [restartedMain] com.knmz.Application Line:655 - The following profiles are active: dev
INFO  2019-11-08 16:50:30.428 [restartedMain] org.springframework.boot.devtools.restart.ChangeableUrls Line:225 - The Class-Path manifest attribute in E:\Program Files\repository\org\glassfish\hk2\hk2\2.6.1\hk2-2.6.1.jar referenced one or more files that do not exist: file:/E:/Program%20Files/repository/org/glassfish/hk2/hk2/2.6.1/hk2-utils.jar,file:/E:/Program%20Files/repository/org/glassfish/hk2/hk2/2.6.1/jakarta.annotation-api.jar,file:/E:/Program%20Files/repository/org/glassfish/hk2/hk2/2.6.1/jakarta.inject.jar,file:/E:/Program%20Files/repository/org/glassfish/hk2/hk2/2.6.1/hk2-api.jar,file:/E:/Program%20Files/repository/org/glassfish/hk2/hk2/2.6.1/aopalliance-repackaged.jar,file:/E:/Program%20Files/repository/org/glassfish/hk2/hk2/2.6.1/hk2-core.jar,file:/E:/Program%20Files/repository/org/glassfish/hk2/hk2/2.6.1/hk2-locator.jar,file:/E:/Program%20Files/repository/org/glassfish/hk2/hk2/2.6.1/javassist.jar,file:/E:/Program%20Files/repository/org/glassfish/hk2/hk2/2.6.1/hk2-runlevel.jar,file:/E:/Program%20Files/repository/org/glassfish/hk2/hk2/2.6.1/class-model.jar,file:/E:/Program%20Files/repository/org/glassfish/hk2/hk2/2.6.1/asm.jar,file:/E:/Program%20Files/repository/org/glassfish/hk2/hk2/2.6.1/asm-analysis.jar,file:/E:/Program%20Files/repository/org/glassfish/hk2/hk2/2.6.1/asm-commons.jar,file:/E:/Program%20Files/repository/org/glassfish/hk2/hk2/2.6.1/asm-tree.jar,file:/E:/Program%20Files/repository/org/glassfish/hk2/hk2/2.6.1/asm-util.jar
INFO  2019-11-08 16:50:30.429 [restartedMain] org.springframework.boot.devtools.env.DevToolsPropertyDefaultsPostProcessor Line:225 - Devtools property defaults active! Set 'spring.devtools.add-properties' to 'false' to disable
INFO  2019-11-08 16:50:30.431 [restartedMain] org.springframework.boot.devtools.env.DevToolsPropertyDefaultsPostProcessor Line:225 - For additional web related logging consider setting the 'logging.level.web' property to 'DEBUG'
INFO  2019-11-08 16:50:32.692 [restartedMain] org.springframework.data.repository.config.RepositoryConfigurationDelegate Line:246 - Multiple Spring Data modules found, entering strict repository configuration mode!
INFO  2019-11-08 16:50:32.713 [restartedMain] org.springframework.data.repository.config.RepositoryConfigurationDelegate Line:126 - Bootstrapping Spring Data repositories in DEFAULT mode.
INFO  2019-11-08 16:50:32.775 [restartedMain] org.springframework.data.repository.config.RepositoryConfigurationDelegate Line:184 - Finished Spring Data repository scanning in 12ms. Found 0 repository interfaces.
INFO  2019-11-08 16:50:35.209 [restartedMain] org.springframework.boot.web.embedded.tomcat.TomcatWebServer Line:92  - Tomcat initialized with port(s): 8080 (http)
INFO  2019-11-08 16:50:35.239 [restartedMain] org.apache.coyote.http11.Http11NioProtocol Line:173 - Initializing ProtocolHandler ["http-nio-8080"]
INFO  2019-11-08 16:50:35.240 [restartedMain] org.apache.catalina.core.StandardService Line:173 - Starting service [Tomcat]
INFO  2019-11-08 16:50:35.240 [restartedMain] org.apache.catalina.core.StandardEngine Line:173 - Starting Servlet engine: [Apache Tomcat/9.0.27]
INFO  2019-11-08 16:50:35.600 [restartedMain] org.apache.catalina.core.ContainerBase.[Tomcat].[localhost].[/knmz-api] Line:173 - Initializing Spring embedded WebApplicationContext
INFO  2019-11-08 16:50:35.600 [restartedMain] org.springframework.web.context.ContextLoader Line:284 - Root WebApplicationContext: initialization completed in 5168 ms
INFO  2019-11-08 16:50:36.028 [restartedMain] org.reflections.Reflections Line:232 - Reflections took 281 ms to scan 1 urls, producing 18 keys and 18 values 
INFO  2019-11-08 16:50:36.108 [restartedMain] com.knmz.config.JerseyResourceConfig Line:33  - register resource class: class com.knmz.controller.UserController
INFO  2019-11-08 16:50:36.865 [restartedMain] org.apache.catalina.core.StandardService Line:173 - Stopping service [Tomcat]
INFO  2019-11-08 16:53:49.547 [restartedMain] com.knmz.Application Line:55  - Starting Application on DESKTOP-J8I2VCH with PID 77952 (started by Administrator in E:\Program Files\gitHub\test\knmz-api)
INFO  2019-11-08 16:53:49.548 [restartedMain] com.knmz.Application Line:655 - The following profiles are active: dev
INFO  2019-11-08 16:53:49.608 [restartedMain] org.springframework.boot.devtools.restart.ChangeableUrls Line:225 - The Class-Path manifest attribute in E:\Program Files\repository\org\glassfish\hk2\hk2\2.6.1\hk2-2.6.1.jar referenced one or more files that do not exist: file:/E:/Program%20Files/repository/org/glassfish/hk2/hk2/2.6.1/hk2-utils.jar,file:/E:/Program%20Files/repository/org/glassfish/hk2/hk2/2.6.1/jakarta.annotation-api.jar,file:/E:/Program%20Files/repository/org/glassfish/hk2/hk2/2.6.1/jakarta.inject.jar,file:/E:/Program%20Files/repository/org/glassfish/hk2/hk2/2.6.1/hk2-api.jar,file:/E:/Program%20Files/repository/org/glassfish/hk2/hk2/2.6.1/aopalliance-repackaged.jar,file:/E:/Program%20Files/repository/org/glassfish/hk2/hk2/2.6.1/hk2-core.jar,file:/E:/Program%20Files/repository/org/glassfish/hk2/hk2/2.6.1/hk2-locator.jar,file:/E:/Program%20Files/repository/org/glassfish/hk2/hk2/2.6.1/javassist.jar,file:/E:/Program%20Files/repository/org/glassfish/hk2/hk2/2.6.1/hk2-runlevel.jar,file:/E:/Program%20Files/repository/org/glassfish/hk2/hk2/2.6.1/class-model.jar,file:/E:/Program%20Files/repository/org/glassfish/hk2/hk2/2.6.1/asm.jar,file:/E:/Program%20Files/repository/org/glassfish/hk2/hk2/2.6.1/asm-analysis.jar,file:/E:/Program%20Files/repository/org/glassfish/hk2/hk2/2.6.1/asm-commons.jar,file:/E:/Program%20Files/repository/org/glassfish/hk2/hk2/2.6.1/asm-tree.jar,file:/E:/Program%20Files/repository/org/glassfish/hk2/hk2/2.6.1/asm-util.jar
INFO  2019-11-08 16:53:49.609 [restartedMain] org.springframework.boot.devtools.env.DevToolsPropertyDefaultsPostProcessor Line:225 - Devtools property defaults active! Set 'spring.devtools.add-properties' to 'false' to disable
INFO  2019-11-08 16:53:49.609 [restartedMain] org.springframework.boot.devtools.env.DevToolsPropertyDefaultsPostProcessor Line:225 - For additional web related logging consider setting the 'logging.level.web' property to 'DEBUG'
INFO  2019-11-08 16:53:50.200 [restartedMain] org.springframework.data.repository.config.RepositoryConfigurationDelegate Line:246 - Multiple Spring Data modules found, entering strict repository configuration mode!
INFO  2019-11-08 16:53:50.202 [restartedMain] org.springframework.data.repository.config.RepositoryConfigurationDelegate Line:126 - Bootstrapping Spring Data repositories in DEFAULT mode.
INFO  2019-11-08 16:53:50.226 [restartedMain] org.springframework.data.repository.config.RepositoryConfigurationDelegate Line:184 - Finished Spring Data repository scanning in 9ms. Found 0 repository interfaces.
INFO  2019-11-08 16:53:50.897 [restartedMain] org.springframework.boot.web.embedded.tomcat.TomcatWebServer Line:92  - Tomcat initialized with port(s): 8080 (http)
INFO  2019-11-08 16:53:50.906 [restartedMain] org.apache.coyote.http11.Http11NioProtocol Line:173 - Initializing ProtocolHandler ["http-nio-8080"]
INFO  2019-11-08 16:53:50.907 [restartedMain] org.apache.catalina.core.StandardService Line:173 - Starting service [Tomcat]
INFO  2019-11-08 16:53:50.907 [restartedMain] org.apache.catalina.core.StandardEngine Line:173 - Starting Servlet engine: [Apache Tomcat/9.0.27]
INFO  2019-11-08 16:53:51.033 [restartedMain] org.apache.catalina.core.ContainerBase.[Tomcat].[localhost].[/knmz-api] Line:173 - Initializing Spring embedded WebApplicationContext
INFO  2019-11-08 16:53:51.034 [restartedMain] org.springframework.web.context.ContextLoader Line:284 - Root WebApplicationContext: initialization completed in 1423 ms
INFO  2019-11-08 16:53:51.124 [restartedMain] org.reflections.Reflections Line:232 - Reflections took 38 ms to scan 1 urls, producing 18 keys and 18 values 
INFO  2019-11-08 16:53:51.150 [restartedMain] com.knmz.config.JerseyResourceConfig Line:33  - register resource class: class com.knmz.controller.UserController
INFO  2019-11-08 16:53:51.595 [restartedMain] com.zaxxer.hikari.HikariDataSource Line:110 - HikariPool-1 - Starting...
INFO  2019-11-08 16:53:51.893 [restartedMain] com.zaxxer.hikari.HikariDataSource Line:123 - HikariPool-1 - Start completed.
INFO  2019-11-08 16:53:52.510 [restartedMain] com.zaxxer.hikari.HikariDataSource Line:350 - HikariPool-1 - Shutdown initiated...
INFO  2019-11-08 16:53:52.530 [restartedMain] com.zaxxer.hikari.HikariDataSource Line:352 - HikariPool-1 - Shutdown completed.
INFO  2019-11-08 16:53:52.535 [restartedMain] org.apache.catalina.core.StandardService Line:173 - Stopping service [Tomcat]
INFO  2019-11-08 16:54:46.771 [restartedMain] com.knmz.Application Line:55  - Starting Application on DESKTOP-J8I2VCH with PID 78632 (started by Administrator in E:\Program Files\gitHub\test\knmz-api)
INFO  2019-11-08 16:54:46.773 [restartedMain] com.knmz.Application Line:655 - The following profiles are active: dev
INFO  2019-11-08 16:54:46.819 [restartedMain] org.springframework.boot.devtools.restart.ChangeableUrls Line:225 - The Class-Path manifest attribute in E:\Program Files\repository\org\glassfish\hk2\hk2\2.6.1\hk2-2.6.1.jar referenced one or more files that do not exist: file:/E:/Program%20Files/repository/org/glassfish/hk2/hk2/2.6.1/hk2-utils.jar,file:/E:/Program%20Files/repository/org/glassfish/hk2/hk2/2.6.1/jakarta.annotation-api.jar,file:/E:/Program%20Files/repository/org/glassfish/hk2/hk2/2.6.1/jakarta.inject.jar,file:/E:/Program%20Files/repository/org/glassfish/hk2/hk2/2.6.1/hk2-api.jar,file:/E:/Program%20Files/repository/org/glassfish/hk2/hk2/2.6.1/aopalliance-repackaged.jar,file:/E:/Program%20Files/repository/org/glassfish/hk2/hk2/2.6.1/hk2-core.jar,file:/E:/Program%20Files/repository/org/glassfish/hk2/hk2/2.6.1/hk2-locator.jar,file:/E:/Program%20Files/repository/org/glassfish/hk2/hk2/2.6.1/javassist.jar,file:/E:/Program%20Files/repository/org/glassfish/hk2/hk2/2.6.1/hk2-runlevel.jar,file:/E:/Program%20Files/repository/org/glassfish/hk2/hk2/2.6.1/class-model.jar,file:/E:/Program%20Files/repository/org/glassfish/hk2/hk2/2.6.1/asm.jar,file:/E:/Program%20Files/repository/org/glassfish/hk2/hk2/2.6.1/asm-analysis.jar,file:/E:/Program%20Files/repository/org/glassfish/hk2/hk2/2.6.1/asm-commons.jar,file:/E:/Program%20Files/repository/org/glassfish/hk2/hk2/2.6.1/asm-tree.jar,file:/E:/Program%20Files/repository/org/glassfish/hk2/hk2/2.6.1/asm-util.jar
INFO  2019-11-08 16:54:46.820 [restartedMain] org.springframework.boot.devtools.env.DevToolsPropertyDefaultsPostProcessor Line:225 - Devtools property defaults active! Set 'spring.devtools.add-properties' to 'false' to disable
INFO  2019-11-08 16:54:46.820 [restartedMain] org.springframework.boot.devtools.env.DevToolsPropertyDefaultsPostProcessor Line:225 - For additional web related logging consider setting the 'logging.level.web' property to 'DEBUG'
INFO  2019-11-08 16:54:47.422 [restartedMain] org.springframework.data.repository.config.RepositoryConfigurationDelegate Line:246 - Multiple Spring Data modules found, entering strict repository configuration mode!
INFO  2019-11-08 16:54:47.425 [restartedMain] org.springframework.data.repository.config.RepositoryConfigurationDelegate Line:126 - Bootstrapping Spring Data repositories in DEFAULT mode.
INFO  2019-11-08 16:54:47.452 [restartedMain] org.springframework.data.repository.config.RepositoryConfigurationDelegate Line:184 - Finished Spring Data repository scanning in 11ms. Found 0 repository interfaces.
INFO  2019-11-08 16:54:48.131 [restartedMain] org.springframework.boot.web.embedded.tomcat.TomcatWebServer Line:92  - Tomcat initialized with port(s): 8080 (http)
INFO  2019-11-08 16:54:48.141 [restartedMain] org.apache.coyote.http11.Http11NioProtocol Line:173 - Initializing ProtocolHandler ["http-nio-8080"]
INFO  2019-11-08 16:54:48.141 [restartedMain] org.apache.catalina.core.StandardService Line:173 - Starting service [Tomcat]
INFO  2019-11-08 16:54:48.142 [restartedMain] org.apache.catalina.core.StandardEngine Line:173 - Starting Servlet engine: [Apache Tomcat/9.0.27]
INFO  2019-11-08 16:54:48.264 [restartedMain] org.apache.catalina.core.ContainerBase.[Tomcat].[localhost].[/knmz-api] Line:173 - Initializing Spring embedded WebApplicationContext
INFO  2019-11-08 16:54:48.265 [restartedMain] org.springframework.web.context.ContextLoader Line:284 - Root WebApplicationContext: initialization completed in 1445 ms
INFO  2019-11-08 16:54:48.353 [restartedMain] org.reflections.Reflections Line:232 - Reflections took 38 ms to scan 1 urls, producing 18 keys and 18 values 
INFO  2019-11-08 16:54:48.379 [restartedMain] com.knmz.config.JerseyResourceConfig Line:33  - register resource class: class com.knmz.controller.UserController
INFO  2019-11-08 16:54:48.734 [restartedMain] com.zaxxer.hikari.HikariDataSource Line:110 - HikariPool-1 - Starting...
INFO  2019-11-08 16:54:48.872 [restartedMain] com.zaxxer.hikari.HikariDataSource Line:123 - HikariPool-1 - Start completed.
INFO  2019-11-08 16:54:50.952 [restartedMain] com.zaxxer.hikari.HikariDataSource Line:350 - HikariPool-1 - Shutdown initiated...
INFO  2019-11-08 16:54:50.962 [restartedMain] com.zaxxer.hikari.HikariDataSource Line:352 - HikariPool-1 - Shutdown completed.
INFO  2019-11-08 16:54:50.965 [restartedMain] org.apache.catalina.core.StandardService Line:173 - Stopping service [Tomcat]
INFO  2019-11-08 16:56:40.213 [restartedMain] com.knmz.Application Line:55  - Starting Application on DESKTOP-J8I2VCH with PID 80804 (started by Administrator in E:\Program Files\gitHub\test\knmz-api)
INFO  2019-11-08 16:56:40.215 [restartedMain] com.knmz.Application Line:655 - The following profiles are active: dev
INFO  2019-11-08 16:56:40.291 [restartedMain] org.springframework.boot.devtools.restart.ChangeableUrls Line:225 - The Class-Path manifest attribute in E:\Program Files\repository\org\glassfish\hk2\hk2\2.6.1\hk2-2.6.1.jar referenced one or more files that do not exist: file:/E:/Program%20Files/repository/org/glassfish/hk2/hk2/2.6.1/hk2-utils.jar,file:/E:/Program%20Files/repository/org/glassfish/hk2/hk2/2.6.1/jakarta.annotation-api.jar,file:/E:/Program%20Files/repository/org/glassfish/hk2/hk2/2.6.1/jakarta.inject.jar,file:/E:/Program%20Files/repository/org/glassfish/hk2/hk2/2.6.1/hk2-api.jar,file:/E:/Program%20Files/repository/org/glassfish/hk2/hk2/2.6.1/aopalliance-repackaged.jar,file:/E:/Program%20Files/repository/org/glassfish/hk2/hk2/2.6.1/hk2-core.jar,file:/E:/Program%20Files/repository/org/glassfish/hk2/hk2/2.6.1/hk2-locator.jar,file:/E:/Program%20Files/repository/org/glassfish/hk2/hk2/2.6.1/javassist.jar,file:/E:/Program%20Files/repository/org/glassfish/hk2/hk2/2.6.1/hk2-runlevel.jar,file:/E:/Program%20Files/repository/org/glassfish/hk2/hk2/2.6.1/class-model.jar,file:/E:/Program%20Files/repository/org/glassfish/hk2/hk2/2.6.1/asm.jar,file:/E:/Program%20Files/repository/org/glassfish/hk2/hk2/2.6.1/asm-analysis.jar,file:/E:/Program%20Files/repository/org/glassfish/hk2/hk2/2.6.1/asm-commons.jar,file:/E:/Program%20Files/repository/org/glassfish/hk2/hk2/2.6.1/asm-tree.jar,file:/E:/Program%20Files/repository/org/glassfish/hk2/hk2/2.6.1/asm-util.jar
INFO  2019-11-08 16:56:40.293 [restartedMain] org.springframework.boot.devtools.env.DevToolsPropertyDefaultsPostProcessor Line:225 - Devtools property defaults active! Set 'spring.devtools.add-properties' to 'false' to disable
INFO  2019-11-08 16:56:40.295 [restartedMain] org.springframework.boot.devtools.env.DevToolsPropertyDefaultsPostProcessor Line:225 - For additional web related logging consider setting the 'logging.level.web' property to 'DEBUG'
INFO  2019-11-08 16:56:40.992 [restartedMain] org.springframework.data.repository.config.RepositoryConfigurationDelegate Line:246 - Multiple Spring Data modules found, entering strict repository configuration mode!
INFO  2019-11-08 16:56:40.995 [restartedMain] org.springframework.data.repository.config.RepositoryConfigurationDelegate Line:126 - Bootstrapping Spring Data repositories in DEFAULT mode.
INFO  2019-11-08 16:56:41.022 [restartedMain] org.springframework.data.repository.config.RepositoryConfigurationDelegate Line:184 - Finished Spring Data repository scanning in 11ms. Found 0 repository interfaces.
INFO  2019-11-08 16:56:41.707 [restartedMain] org.springframework.boot.web.embedded.tomcat.TomcatWebServer Line:92  - Tomcat initialized with port(s): 8080 (http)
INFO  2019-11-08 16:56:41.717 [restartedMain] org.apache.coyote.http11.Http11NioProtocol Line:173 - Initializing ProtocolHandler ["http-nio-8080"]
INFO  2019-11-08 16:56:41.718 [restartedMain] org.apache.catalina.core.StandardService Line:173 - Starting service [Tomcat]
INFO  2019-11-08 16:56:41.718 [restartedMain] org.apache.catalina.core.StandardEngine Line:173 - Starting Servlet engine: [Apache Tomcat/9.0.27]
INFO  2019-11-08 16:56:41.839 [restartedMain] org.apache.catalina.core.ContainerBase.[Tomcat].[localhost].[/knmz-api] Line:173 - Initializing Spring embedded WebApplicationContext
INFO  2019-11-08 16:56:41.840 [restartedMain] org.springframework.web.context.ContextLoader Line:284 - Root WebApplicationContext: initialization completed in 1544 ms
INFO  2019-11-08 16:56:41.929 [restartedMain] org.reflections.Reflections Line:232 - Reflections took 41 ms to scan 1 urls, producing 18 keys and 18 values 
INFO  2019-11-08 16:56:41.953 [restartedMain] com.knmz.config.JerseyResourceConfig Line:33  - register resource class: class com.knmz.controller.UserController
INFO  2019-11-08 16:56:42.300 [restartedMain] com.zaxxer.hikari.HikariDataSource Line:110 - HikariPool-1 - Starting...
INFO  2019-11-08 16:56:42.432 [restartedMain] com.zaxxer.hikari.HikariDataSource Line:123 - HikariPool-1 - Start completed.
INFO  2019-11-08 16:56:43.215 [restartedMain] com.zaxxer.hikari.HikariDataSource Line:350 - HikariPool-1 - Shutdown initiated...
INFO  2019-11-08 16:56:43.220 [restartedMain] com.zaxxer.hikari.HikariDataSource Line:352 - HikariPool-1 - Shutdown completed.
INFO  2019-11-08 16:56:43.223 [restartedMain] org.apache.catalina.core.StandardService Line:173 - Stopping service [Tomcat]
INFO  2019-11-08 16:57:24.879 [restartedMain] com.knmz.Application Line:55  - Starting Application on DESKTOP-J8I2VCH with PID 81644 (started by Administrator in E:\Program Files\gitHub\test\knmz-api)
INFO  2019-11-08 16:57:24.880 [restartedMain] com.knmz.Application Line:655 - The following profiles are active: dev
INFO  2019-11-08 16:57:24.977 [restartedMain] org.springframework.boot.devtools.restart.ChangeableUrls Line:225 - The Class-Path manifest attribute in E:\Program Files\repository\org\glassfish\hk2\hk2\2.6.1\hk2-2.6.1.jar referenced one or more files that do not exist: file:/E:/Program%20Files/repository/org/glassfish/hk2/hk2/2.6.1/hk2-utils.jar,file:/E:/Program%20Files/repository/org/glassfish/hk2/hk2/2.6.1/jakarta.annotation-api.jar,file:/E:/Program%20Files/repository/org/glassfish/hk2/hk2/2.6.1/jakarta.inject.jar,file:/E:/Program%20Files/repository/org/glassfish/hk2/hk2/2.6.1/hk2-api.jar,file:/E:/Program%20Files/repository/org/glassfish/hk2/hk2/2.6.1/aopalliance-repackaged.jar,file:/E:/Program%20Files/repository/org/glassfish/hk2/hk2/2.6.1/hk2-core.jar,file:/E:/Program%20Files/repository/org/glassfish/hk2/hk2/2.6.1/hk2-locator.jar,file:/E:/Program%20Files/repository/org/glassfish/hk2/hk2/2.6.1/javassist.jar,file:/E:/Program%20Files/repository/org/glassfish/hk2/hk2/2.6.1/hk2-runlevel.jar,file:/E:/Program%20Files/repository/org/glassfish/hk2/hk2/2.6.1/class-model.jar,file:/E:/Program%20Files/repository/org/glassfish/hk2/hk2/2.6.1/asm.jar,file:/E:/Program%20Files/repository/org/glassfish/hk2/hk2/2.6.1/asm-analysis.jar,file:/E:/Program%20Files/repository/org/glassfish/hk2/hk2/2.6.1/asm-commons.jar,file:/E:/Program%20Files/repository/org/glassfish/hk2/hk2/2.6.1/asm-tree.jar,file:/E:/Program%20Files/repository/org/glassfish/hk2/hk2/2.6.1/asm-util.jar
INFO  2019-11-08 16:57:24.979 [restartedMain] org.springframework.boot.devtools.env.DevToolsPropertyDefaultsPostProcessor Line:225 - Devtools property defaults active! Set 'spring.devtools.add-properties' to 'false' to disable
INFO  2019-11-08 16:57:24.979 [restartedMain] org.springframework.boot.devtools.env.DevToolsPropertyDefaultsPostProcessor Line:225 - For additional web related logging consider setting the 'logging.level.web' property to 'DEBUG'
INFO  2019-11-08 16:57:25.797 [restartedMain] org.springframework.data.repository.config.RepositoryConfigurationDelegate Line:246 - Multiple Spring Data modules found, entering strict repository configuration mode!
INFO  2019-11-08 16:57:25.799 [restartedMain] org.springframework.data.repository.config.RepositoryConfigurationDelegate Line:126 - Bootstrapping Spring Data repositories in DEFAULT mode.
INFO  2019-11-08 16:57:25.824 [restartedMain] org.springframework.data.repository.config.RepositoryConfigurationDelegate Line:184 - Finished Spring Data repository scanning in 10ms. Found 0 repository interfaces.
INFO  2019-11-08 16:57:26.510 [restartedMain] org.springframework.boot.web.embedded.tomcat.TomcatWebServer Line:92  - Tomcat initialized with port(s): 8080 (http)
INFO  2019-11-08 16:57:26.519 [restartedMain] org.apache.coyote.http11.Http11NioProtocol Line:173 - Initializing ProtocolHandler ["http-nio-8080"]
INFO  2019-11-08 16:57:26.520 [restartedMain] org.apache.catalina.core.StandardService Line:173 - Starting service [Tomcat]
INFO  2019-11-08 16:57:26.521 [restartedMain] org.apache.catalina.core.StandardEngine Line:173 - Starting Servlet engine: [Apache Tomcat/9.0.27]
INFO  2019-11-08 16:57:26.644 [restartedMain] org.apache.catalina.core.ContainerBase.[Tomcat].[localhost].[/knmz-api] Line:173 - Initializing Spring embedded WebApplicationContext
INFO  2019-11-08 16:57:26.644 [restartedMain] org.springframework.web.context.ContextLoader Line:284 - Root WebApplicationContext: initialization completed in 1664 ms
INFO  2019-11-08 16:57:26.733 [restartedMain] org.reflections.Reflections Line:232 - Reflections took 39 ms to scan 1 urls, producing 18 keys and 18 values 
INFO  2019-11-08 16:57:26.761 [restartedMain] com.knmz.config.JerseyResourceConfig Line:33  - register resource class: class com.knmz.controller.UserController
INFO  2019-11-08 16:57:27.120 [restartedMain] com.zaxxer.hikari.HikariDataSource Line:110 - HikariPool-1 - Starting...
INFO  2019-11-08 16:57:27.258 [restartedMain] com.zaxxer.hikari.HikariDataSource Line:123 - HikariPool-1 - Start completed.
INFO  2019-11-08 16:57:28.074 [restartedMain] org.quartz.impl.StdSchedulerFactory Line:1208 - Using default implementation for ThreadExecutor
INFO  2019-11-08 16:57:28.117 [restartedMain] org.quartz.simpl.SimpleThreadPool Line:268 - Job execution threads will use class loader of thread: restartedMain
INFO  2019-11-08 16:57:28.127 [restartedMain] org.quartz.core.SchedulerSignalerImpl Line:61  - Initialized Scheduler Signaller of type: class org.quartz.core.SchedulerSignalerImpl
INFO  2019-11-08 16:57:28.127 [restartedMain] org.quartz.core.QuartzScheduler Line:229 - Quartz Scheduler v.2.3.1 created.
INFO  2019-11-08 16:57:28.128 [restartedMain] org.quartz.plugins.xml.XMLSchedulingDataProcessorPlugin Line:200 - Registering Quartz Job Initialization Plug-in.
INFO  2019-11-08 16:57:28.147 [restartedMain] org.springframework.scheduling.quartz.LocalDataSourceJobStore Line:672 - Using db table-based data access locking (synchronization).
INFO  2019-11-08 16:57:28.149 [restartedMain] org.springframework.scheduling.quartz.LocalDataSourceJobStore Line:145 - JobStoreCMT initialized.
INFO  2019-11-08 16:57:28.150 [restartedMain] org.quartz.core.QuartzScheduler Line:294 - Scheduler meta-data: Quartz Scheduler (v2.3.1) 'giftScheduler' with instanceId 'DESKTOP-J8I2VCH1573203448117'
  Scheduler class: 'org.quartz.core.QuartzScheduler' - running locally.
  NOT STARTED.
  Currently in standby mode.
  Number of jobs executed: 0
  Using thread pool 'org.quartz.simpl.SimpleThreadPool' - with 10 threads.
  Using job-store 'org.springframework.scheduling.quartz.LocalDataSourceJobStore' - which supports persistence. and is clustered.

INFO  2019-11-08 16:57:28.150 [restartedMain] org.quartz.impl.StdSchedulerFactory Line:1362 - Quartz scheduler 'giftScheduler' initialized from an externally provided properties instance.
INFO  2019-11-08 16:57:28.151 [restartedMain] org.quartz.impl.StdSchedulerFactory Line:1366 - Quartz scheduler version: 2.3.1
INFO  2019-11-08 16:57:28.151 [restartedMain] org.quartz.core.QuartzScheduler Line:2293 - JobFactory set to: org.springframework.scheduling.quartz.SpringBeanJobFactory@5fd65920
INFO  2019-11-08 16:57:28.319 [restartedMain] org.springframework.boot.autoconfigure.security.servlet.UserDetailsServiceAutoConfiguration Line:86  - 

Using generated security password: 3a5964f3-5cc4-462a-969c-7766f8ca8c54

INFO  2019-11-08 16:57:28.530 [restartedMain] org.springframework.security.web.DefaultSecurityFilterChain Line:43  - Creating filter chain: any request, [org.springframework.security.web.context.request.async.WebAsyncManagerIntegrationFilter@132b0066, org.springframework.security.web.context.SecurityContextPersistenceFilter@6df182b7, org.springframework.security.web.header.HeaderWriterFilter@7cfaf383, org.springframework.security.web.csrf.CsrfFilter@1dfae8e, org.springframework.security.web.authentication.logout.LogoutFilter@3494ddda, org.springframework.security.web.authentication.UsernamePasswordAuthenticationFilter@6fbfea34, org.springframework.security.web.authentication.ui.DefaultLoginPageGeneratingFilter@7bf87055, org.springframework.security.web.authentication.ui.DefaultLogoutPageGeneratingFilter@3a60074c, org.springframework.security.web.authentication.www.BasicAuthenticationFilter@37eff561, org.springframework.security.web.savedrequest.RequestCacheAwareFilter@611084dc, org.springframework.security.web.servletapi.SecurityContextHolderAwareRequestFilter@6d203489, org.springframework.security.web.authentication.AnonymousAuthenticationFilter@3e928ac3, org.springframework.security.web.session.SessionManagementFilter@6589f800, org.springframework.security.web.access.ExceptionTranslationFilter@24e64c73, org.springframework.security.web.access.intercept.FilterSecurityInterceptor@49af6f4b]
INFO  2019-11-08 16:57:28.618 [restartedMain] org.springframework.boot.devtools.autoconfigure.OptionalLiveReloadServer Line:58  - LiveReload server is running on port 35729
INFO  2019-11-08 16:57:28.642 [restartedMain] org.springframework.scheduling.quartz.SchedulerFactoryBean Line:727 - Starting Quartz Scheduler now
INFO  2019-11-08 16:57:32.739 [restartedMain] org.quartz.core.QuartzScheduler Line:547 - Scheduler giftScheduler_$_DESKTOP-J8I2VCH1573203448117 started.
INFO  2019-11-08 16:57:32.835 [restartedMain] org.apache.coyote.http11.Http11NioProtocol Line:173 - Starting ProtocolHandler ["http-nio-8080"]
INFO  2019-11-08 16:57:32.880 [restartedMain] org.springframework.boot.web.embedded.tomcat.TomcatWebServer Line:204 - Tomcat started on port(s): 8080 (http) with context path '/knmz-api'
INFO  2019-11-08 16:57:32.883 [restartedMain] com.knmz.Application Line:61  - Started Application in 8.806 seconds (JVM running for 10.603)
INFO  2019-11-08 17:01:07.019 [restartedMain] com.knmz.Application Line:55  - Starting Application on DESKTOP-J8I2VCH with PID 82304 (started by Administrator in E:\Program Files\gitHub\test\knmz-api)
INFO  2019-11-08 17:01:07.080 [restartedMain] com.knmz.Application Line:655 - The following profiles are active: dev
INFO  2019-11-08 17:01:07.126 [restartedMain] org.springframework.boot.devtools.restart.ChangeableUrls Line:225 - The Class-Path manifest attribute in E:\Program Files\repository\org\glassfish\hk2\hk2\2.6.1\hk2-2.6.1.jar referenced one or more files that do not exist: file:/E:/Program%20Files/repository/org/glassfish/hk2/hk2/2.6.1/hk2-utils.jar,file:/E:/Program%20Files/repository/org/glassfish/hk2/hk2/2.6.1/jakarta.annotation-api.jar,file:/E:/Program%20Files/repository/org/glassfish/hk2/hk2/2.6.1/jakarta.inject.jar,file:/E:/Program%20Files/repository/org/glassfish/hk2/hk2/2.6.1/hk2-api.jar,file:/E:/Program%20Files/repository/org/glassfish/hk2/hk2/2.6.1/aopalliance-repackaged.jar,file:/E:/Program%20Files/repository/org/glassfish/hk2/hk2/2.6.1/hk2-core.jar,file:/E:/Program%20Files/repository/org/glassfish/hk2/hk2/2.6.1/hk2-locator.jar,file:/E:/Program%20Files/repository/org/glassfish/hk2/hk2/2.6.1/javassist.jar,file:/E:/Program%20Files/repository/org/glassfish/hk2/hk2/2.6.1/hk2-runlevel.jar,file:/E:/Program%20Files/repository/org/glassfish/hk2/hk2/2.6.1/class-model.jar,file:/E:/Program%20Files/repository/org/glassfish/hk2/hk2/2.6.1/asm.jar,file:/E:/Program%20Files/repository/org/glassfish/hk2/hk2/2.6.1/asm-analysis.jar,file:/E:/Program%20Files/repository/org/glassfish/hk2/hk2/2.6.1/asm-commons.jar,file:/E:/Program%20Files/repository/org/glassfish/hk2/hk2/2.6.1/asm-tree.jar,file:/E:/Program%20Files/repository/org/glassfish/hk2/hk2/2.6.1/asm-util.jar
INFO  2019-11-08 17:01:07.126 [restartedMain] org.springframework.boot.devtools.env.DevToolsPropertyDefaultsPostProcessor Line:225 - Devtools property defaults active! Set 'spring.devtools.add-properties' to 'false' to disable
INFO  2019-11-08 17:01:07.126 [restartedMain] org.springframework.boot.devtools.env.DevToolsPropertyDefaultsPostProcessor Line:225 - For additional web related logging consider setting the 'logging.level.web' property to 'DEBUG'
INFO  2019-11-08 17:01:07.809 [restartedMain] org.springframework.data.repository.config.RepositoryConfigurationDelegate Line:246 - Multiple Spring Data modules found, entering strict repository configuration mode!
INFO  2019-11-08 17:01:07.811 [restartedMain] org.springframework.data.repository.config.RepositoryConfigurationDelegate Line:126 - Bootstrapping Spring Data repositories in DEFAULT mode.
INFO  2019-11-08 17:01:07.838 [restartedMain] org.springframework.data.repository.config.RepositoryConfigurationDelegate Line:184 - Finished Spring Data repository scanning in 11ms. Found 0 repository interfaces.
INFO  2019-11-08 17:01:08.543 [restartedMain] org.springframework.boot.web.embedded.tomcat.TomcatWebServer Line:92  - Tomcat initialized with port(s): 8080 (http)
INFO  2019-11-08 17:01:08.553 [restartedMain] org.apache.coyote.http11.Http11NioProtocol Line:173 - Initializing ProtocolHandler ["http-nio-8080"]
INFO  2019-11-08 17:01:08.554 [restartedMain] org.apache.catalina.core.StandardService Line:173 - Starting service [Tomcat]
INFO  2019-11-08 17:01:08.554 [restartedMain] org.apache.catalina.core.StandardEngine Line:173 - Starting Servlet engine: [Apache Tomcat/9.0.27]
INFO  2019-11-08 17:01:08.723 [restartedMain] org.apache.catalina.core.ContainerBase.[Tomcat].[localhost].[/knmz-api] Line:173 - Initializing Spring embedded WebApplicationContext
INFO  2019-11-08 17:01:08.725 [restartedMain] org.springframework.web.context.ContextLoader Line:284 - Root WebApplicationContext: initialization completed in 1598 ms
INFO  2019-11-08 17:01:08.819 [restartedMain] org.reflections.Reflections Line:232 - Reflections took 40 ms to scan 1 urls, producing 18 keys and 18 values 
INFO  2019-11-08 17:01:08.843 [restartedMain] com.knmz.config.JerseyResourceConfig Line:33  - register resource class: class com.knmz.controller.UserController
INFO  2019-11-08 17:01:09.205 [restartedMain] com.zaxxer.hikari.HikariDataSource Line:110 - HikariPool-1 - Starting...
INFO  2019-11-08 17:01:09.344 [restartedMain] com.zaxxer.hikari.HikariDataSource Line:123 - HikariPool-1 - Start completed.
INFO  2019-11-08 17:01:10.108 [restartedMain] org.quartz.impl.StdSchedulerFactory Line:1208 - Using default implementation for ThreadExecutor
INFO  2019-11-08 17:01:10.110 [restartedMain] org.quartz.simpl.SimpleThreadPool Line:268 - Job execution threads will use class loader of thread: restartedMain
INFO  2019-11-08 17:01:10.120 [restartedMain] org.quartz.core.SchedulerSignalerImpl Line:61  - Initialized Scheduler Signaller of type: class org.quartz.core.SchedulerSignalerImpl
INFO  2019-11-08 17:01:10.120 [restartedMain] org.quartz.core.QuartzScheduler Line:229 - Quartz Scheduler v.2.3.1 created.
INFO  2019-11-08 17:01:10.121 [restartedMain] org.quartz.plugins.xml.XMLSchedulingDataProcessorPlugin Line:200 - Registering Quartz Job Initialization Plug-in.
INFO  2019-11-08 17:01:10.127 [restartedMain] org.springframework.scheduling.quartz.LocalDataSourceJobStore Line:672 - Using db table-based data access locking (synchronization).
INFO  2019-11-08 17:01:10.129 [restartedMain] org.springframework.scheduling.quartz.LocalDataSourceJobStore Line:145 - JobStoreCMT initialized.
INFO  2019-11-08 17:01:10.129 [restartedMain] org.quartz.core.QuartzScheduler Line:294 - Scheduler meta-data: Quartz Scheduler (v2.3.1) 'giftScheduler' with instanceId 'DESKTOP-J8I2VCH1573203670109'
  Scheduler class: 'org.quartz.core.QuartzScheduler' - running locally.
  NOT STARTED.
  Currently in standby mode.
  Number of jobs executed: 0
  Using thread pool 'org.quartz.simpl.SimpleThreadPool' - with 10 threads.
  Using job-store 'org.springframework.scheduling.quartz.LocalDataSourceJobStore' - which supports persistence. and is clustered.

INFO  2019-11-08 17:01:10.130 [restartedMain] org.quartz.impl.StdSchedulerFactory Line:1362 - Quartz scheduler 'giftScheduler' initialized from an externally provided properties instance.
INFO  2019-11-08 17:01:10.130 [restartedMain] org.quartz.impl.StdSchedulerFactory Line:1366 - Quartz scheduler version: 2.3.1
INFO  2019-11-08 17:01:10.130 [restartedMain] org.quartz.core.QuartzScheduler Line:2293 - JobFactory set to: org.springframework.scheduling.quartz.SpringBeanJobFactory@53854727
INFO  2019-11-08 17:01:10.224 [restartedMain] org.springframework.boot.autoconfigure.security.servlet.UserDetailsServiceAutoConfiguration Line:86  - 

Using generated security password: 510a0bb3-2d39-43da-bd2c-f3e434788405

INFO  2019-11-08 17:01:10.339 [restartedMain] org.springframework.security.web.DefaultSecurityFilterChain Line:43  - Creating filter chain: any request, [org.springframework.security.web.context.request.async.WebAsyncManagerIntegrationFilter@7a58913d, org.springframework.security.web.context.SecurityContextPersistenceFilter@2b69a74c, org.springframework.security.web.header.HeaderWriterFilter@4ff0b3d, org.springframework.security.web.csrf.CsrfFilter@5848925c, org.springframework.security.web.authentication.logout.LogoutFilter@b3718a1, org.springframework.security.web.authentication.UsernamePasswordAuthenticationFilter@51558aa, org.springframework.security.web.authentication.ui.DefaultLoginPageGeneratingFilter@639068f1, org.springframework.security.web.authentication.ui.DefaultLogoutPageGeneratingFilter@6ed58991, org.springframework.security.web.authentication.www.BasicAuthenticationFilter@48a59810, org.springframework.security.web.savedrequest.RequestCacheAwareFilter@59d4c4c6, org.springframework.security.web.servletapi.SecurityContextHolderAwareRequestFilter@b6a929c, org.springframework.security.web.authentication.AnonymousAuthenticationFilter@15388568, org.springframework.security.web.session.SessionManagementFilter@103bf82d, org.springframework.security.web.access.ExceptionTranslationFilter@bd8900d, org.springframework.security.web.access.intercept.FilterSecurityInterceptor@79c4f85]
INFO  2019-11-08 17:01:10.415 [restartedMain] org.springframework.boot.devtools.autoconfigure.OptionalLiveReloadServer Line:58  - LiveReload server is running on port 35729
INFO  2019-11-08 17:01:10.439 [restartedMain] org.springframework.scheduling.quartz.SchedulerFactoryBean Line:727 - Starting Quartz Scheduler now
INFO  2019-11-08 17:01:10.484 [restartedMain] org.springframework.scheduling.quartz.LocalDataSourceJobStore Line:3644 - ClusterManager: detected 1 failed or restarted instances.
INFO  2019-11-08 17:01:10.484 [restartedMain] org.springframework.scheduling.quartz.LocalDataSourceJobStore Line:3503 - ClusterManager: Scanning for instance "DESKTOP-J8I2VCH1573203448117"'s failed in-progress jobs.
INFO  2019-11-08 17:01:10.564 [restartedMain] org.quartz.xml.XMLSchedulingDataProcessor Line:452 - Parsing XML file: jobs.xml with systemId: jobs.xml
INFO  2019-11-08 17:01:10.675 [restartedMain] org.quartz.xml.XMLSchedulingDataProcessor Line:906 - Deleting all jobs in ALL groups.
INFO  2019-11-08 17:01:10.678 [restartedMain] org.quartz.xml.XMLSchedulingDataProcessor Line:927 - Deleting all triggers in ALL groups.
INFO  2019-11-08 17:01:10.681 [restartedMain] org.quartz.xml.XMLSchedulingDataProcessor Line:977 - Adding 1 jobs, 1 triggers.
INFO  2019-11-08 17:01:10.683 [restartedMain] org.quartz.xml.XMLSchedulingDataProcessor Line:1015 - Adding job: KNMZ_API_GROUP.CheckAccountJob
INFO  2019-11-08 17:01:10.719 [restartedMain] org.quartz.core.QuartzScheduler Line:547 - Scheduler giftScheduler_$_DESKTOP-J8I2VCH1573203670109 started.
INFO  2019-11-08 17:01:10.738 [restartedMain] org.apache.coyote.http11.Http11NioProtocol Line:173 - Starting ProtocolHandler ["http-nio-8080"]
INFO  2019-11-08 17:01:10.777 [restartedMain] org.springframework.boot.web.embedded.tomcat.TomcatWebServer Line:204 - Tomcat started on port(s): 8080 (http) with context path '/knmz-api'
INFO  2019-11-08 17:01:10.781 [restartedMain] com.knmz.Application Line:61  - Started Application in 4.606 seconds (JVM running for 6.609)
INFO  2019-11-08 17:03:00.033 [giftScheduler_Worker-2] com.knmz.jobs.CheckAccountJob Line:24  - CheckAccountJob start
INFO  2019-11-08 17:10:15.559 [restartedMain] com.knmz.Application Line:55  - Starting Application on DESKTOP-J8I2VCH with PID 76028 (started by Administrator in E:\Program Files\gitHub\test\knmz-api)
INFO  2019-11-08 17:10:15.561 [restartedMain] com.knmz.Application Line:655 - The following profiles are active: dev
INFO  2019-11-08 17:10:15.649 [restartedMain] org.springframework.boot.devtools.restart.ChangeableUrls Line:225 - The Class-Path manifest attribute in E:\Program Files\repository\org\glassfish\hk2\hk2\2.6.1\hk2-2.6.1.jar referenced one or more files that do not exist: file:/E:/Program%20Files/repository/org/glassfish/hk2/hk2/2.6.1/hk2-utils.jar,file:/E:/Program%20Files/repository/org/glassfish/hk2/hk2/2.6.1/jakarta.annotation-api.jar,file:/E:/Program%20Files/repository/org/glassfish/hk2/hk2/2.6.1/jakarta.inject.jar,file:/E:/Program%20Files/repository/org/glassfish/hk2/hk2/2.6.1/hk2-api.jar,file:/E:/Program%20Files/repository/org/glassfish/hk2/hk2/2.6.1/aopalliance-repackaged.jar,file:/E:/Program%20Files/repository/org/glassfish/hk2/hk2/2.6.1/hk2-core.jar,file:/E:/Program%20Files/repository/org/glassfish/hk2/hk2/2.6.1/hk2-locator.jar,file:/E:/Program%20Files/repository/org/glassfish/hk2/hk2/2.6.1/javassist.jar,file:/E:/Program%20Files/repository/org/glassfish/hk2/hk2/2.6.1/hk2-runlevel.jar,file:/E:/Program%20Files/repository/org/glassfish/hk2/hk2/2.6.1/class-model.jar,file:/E:/Program%20Files/repository/org/glassfish/hk2/hk2/2.6.1/asm.jar,file:/E:/Program%20Files/repository/org/glassfish/hk2/hk2/2.6.1/asm-analysis.jar,file:/E:/Program%20Files/repository/org/glassfish/hk2/hk2/2.6.1/asm-commons.jar,file:/E:/Program%20Files/repository/org/glassfish/hk2/hk2/2.6.1/asm-tree.jar,file:/E:/Program%20Files/repository/org/glassfish/hk2/hk2/2.6.1/asm-util.jar
INFO  2019-11-08 17:10:15.651 [restartedMain] org.springframework.boot.devtools.env.DevToolsPropertyDefaultsPostProcessor Line:225 - Devtools property defaults active! Set 'spring.devtools.add-properties' to 'false' to disable
INFO  2019-11-08 17:10:15.652 [restartedMain] org.springframework.boot.devtools.env.DevToolsPropertyDefaultsPostProcessor Line:225 - For additional web related logging consider setting the 'logging.level.web' property to 'DEBUG'
INFO  2019-11-08 17:10:16.448 [restartedMain] org.springframework.data.repository.config.RepositoryConfigurationDelegate Line:246 - Multiple Spring Data modules found, entering strict repository configuration mode!
INFO  2019-11-08 17:10:16.450 [restartedMain] org.springframework.data.repository.config.RepositoryConfigurationDelegate Line:126 - Bootstrapping Spring Data repositories in DEFAULT mode.
INFO  2019-11-08 17:10:16.474 [restartedMain] org.springframework.data.repository.config.RepositoryConfigurationDelegate Line:184 - Finished Spring Data repository scanning in 10ms. Found 0 repository interfaces.
INFO  2019-11-08 17:10:17.169 [restartedMain] org.springframework.boot.web.embedded.tomcat.TomcatWebServer Line:92  - Tomcat initialized with port(s): 8080 (http)
INFO  2019-11-08 17:10:17.178 [restartedMain] org.apache.coyote.http11.Http11NioProtocol Line:173 - Initializing ProtocolHandler ["http-nio-8080"]
INFO  2019-11-08 17:10:17.178 [restartedMain] org.apache.catalina.core.StandardService Line:173 - Starting service [Tomcat]
INFO  2019-11-08 17:10:17.179 [restartedMain] org.apache.catalina.core.StandardEngine Line:173 - Starting Servlet engine: [Apache Tomcat/9.0.27]
INFO  2019-11-08 17:10:17.300 [restartedMain] org.apache.catalina.core.ContainerBase.[Tomcat].[localhost].[/knmz-api] Line:173 - Initializing Spring embedded WebApplicationContext
INFO  2019-11-08 17:10:17.301 [restartedMain] org.springframework.web.context.ContextLoader Line:284 - Root WebApplicationContext: initialization completed in 1648 ms
INFO  2019-11-08 17:10:17.395 [restartedMain] org.reflections.Reflections Line:232 - Reflections took 45 ms to scan 1 urls, producing 18 keys and 18 values 
INFO  2019-11-08 17:10:17.421 [restartedMain] com.knmz.config.JerseyResourceConfig Line:33  - register resource class: class com.knmz.controller.UserController
INFO  2019-11-08 17:10:17.774 [restartedMain] com.zaxxer.hikari.HikariDataSource Line:110 - HikariPool-1 - Starting...
INFO  2019-11-08 17:10:17.903 [restartedMain] com.zaxxer.hikari.HikariDataSource Line:123 - HikariPool-1 - Start completed.
INFO  2019-11-08 17:10:18.648 [restartedMain] org.quartz.impl.StdSchedulerFactory Line:1208 - Using default implementation for ThreadExecutor
INFO  2019-11-08 17:10:18.650 [restartedMain] org.quartz.simpl.SimpleThreadPool Line:268 - Job execution threads will use class loader of thread: restartedMain
INFO  2019-11-08 17:10:18.658 [restartedMain] org.quartz.core.SchedulerSignalerImpl Line:61  - Initialized Scheduler Signaller of type: class org.quartz.core.SchedulerSignalerImpl
INFO  2019-11-08 17:10:18.659 [restartedMain] org.quartz.core.QuartzScheduler Line:229 - Quartz Scheduler v.2.3.1 created.
INFO  2019-11-08 17:10:18.659 [restartedMain] org.quartz.plugins.xml.XMLSchedulingDataProcessorPlugin Line:200 - Registering Quartz Job Initialization Plug-in.
INFO  2019-11-08 17:10:18.665 [restartedMain] org.springframework.scheduling.quartz.LocalDataSourceJobStore Line:672 - Using db table-based data access locking (synchronization).
INFO  2019-11-08 17:10:18.666 [restartedMain] org.springframework.scheduling.quartz.LocalDataSourceJobStore Line:145 - JobStoreCMT initialized.
INFO  2019-11-08 17:10:18.667 [restartedMain] org.quartz.core.QuartzScheduler Line:294 - Scheduler meta-data: Quartz Scheduler (v2.3.1) 'giftScheduler' with instanceId 'DESKTOP-J8I2VCH1573204218649'
  Scheduler class: 'org.quartz.core.QuartzScheduler' - running locally.
  NOT STARTED.
  Currently in standby mode.
  Number of jobs executed: 0
  Using thread pool 'org.quartz.simpl.SimpleThreadPool' - with 10 threads.
  Using job-store 'org.springframework.scheduling.quartz.LocalDataSourceJobStore' - which supports persistence. and is clustered.

INFO  2019-11-08 17:10:18.667 [restartedMain] org.quartz.impl.StdSchedulerFactory Line:1362 - Quartz scheduler 'giftScheduler' initialized from an externally provided properties instance.
INFO  2019-11-08 17:10:18.667 [restartedMain] org.quartz.impl.StdSchedulerFactory Line:1366 - Quartz scheduler version: 2.3.1
INFO  2019-11-08 17:10:18.668 [restartedMain] org.quartz.core.QuartzScheduler Line:2293 - JobFactory set to: org.springframework.scheduling.quartz.SpringBeanJobFactory@5434fbc0
INFO  2019-11-08 17:10:18.769 [restartedMain] org.springframework.boot.autoconfigure.security.servlet.UserDetailsServiceAutoConfiguration Line:86  - 

Using generated security password: c4917a7e-bf0f-49fe-8518-08366c31605a

INFO  2019-11-08 17:10:18.866 [restartedMain] org.springframework.security.web.DefaultSecurityFilterChain Line:43  - Creating filter chain: any request, [org.springframework.security.web.context.request.async.WebAsyncManagerIntegrationFilter@2749ee4b, org.springframework.security.web.context.SecurityContextPersistenceFilter@621d6bf8, org.springframework.security.web.header.HeaderWriterFilter@4464ec91, org.springframework.security.web.csrf.CsrfFilter@39fbd0ff, org.springframework.security.web.authentication.logout.LogoutFilter@1eea383f, org.springframework.security.web.authentication.UsernamePasswordAuthenticationFilter@20060727, org.springframework.security.web.authentication.ui.DefaultLoginPageGeneratingFilter@6f8b7695, org.springframework.security.web.authentication.ui.DefaultLogoutPageGeneratingFilter@4ef112db, org.springframework.security.web.authentication.www.BasicAuthenticationFilter@1a839ec3, org.springframework.security.web.savedrequest.RequestCacheAwareFilter@50db9cae, org.springframework.security.web.servletapi.SecurityContextHolderAwareRequestFilter@49757f2a, org.springframework.security.web.authentication.AnonymousAuthenticationFilter@3e294bfb, org.springframework.security.web.session.SessionManagementFilter@75c7cad5, org.springframework.security.web.access.ExceptionTranslationFilter@669d58db, org.springframework.security.web.access.intercept.FilterSecurityInterceptor@3d859e2d]
INFO  2019-11-08 17:10:18.928 [restartedMain] org.springframework.boot.devtools.autoconfigure.OptionalLiveReloadServer Line:58  - LiveReload server is running on port 35729
INFO  2019-11-08 17:10:18.969 [restartedMain] org.springframework.scheduling.quartz.SchedulerFactoryBean Line:727 - Starting Quartz Scheduler now
INFO  2019-11-08 17:10:19.013 [restartedMain] org.springframework.scheduling.quartz.LocalDataSourceJobStore Line:3644 - ClusterManager: detected 1 failed or restarted instances.
INFO  2019-11-08 17:10:19.013 [restartedMain] org.springframework.scheduling.quartz.LocalDataSourceJobStore Line:3503 - ClusterManager: Scanning for instance "DESKTOP-J8I2VCH1573203670109"'s failed in-progress jobs.
INFO  2019-11-08 17:10:19.021 [restartedMain] org.springframework.scheduling.quartz.LocalDataSourceJobStore Line:3644 - ClusterManager: ......Freed 1 acquired trigger(s).
INFO  2019-11-08 17:10:19.035 [QuartzScheduler_giftScheduler-DESKTOP-J8I2VCH1573204218649_MisfireHandler] org.springframework.scheduling.quartz.LocalDataSourceJobStore Line:973 - Handling 2 trigger(s) that missed their scheduled fire-time.
INFO  2019-11-08 17:10:19.090 [restartedMain] org.quartz.xml.XMLSchedulingDataProcessor Line:452 - Parsing XML file: jobs.xml with systemId: jobs.xml
INFO  2019-11-08 17:10:19.171 [restartedMain] org.quartz.xml.XMLSchedulingDataProcessor Line:906 - Deleting all jobs in ALL groups.
INFO  2019-11-08 17:10:19.208 [restartedMain] org.quartz.xml.XMLSchedulingDataProcessor Line:927 - Deleting all triggers in ALL groups.
INFO  2019-11-08 17:10:19.210 [restartedMain] org.quartz.xml.XMLSchedulingDataProcessor Line:977 - Adding 1 jobs, 1 triggers.
INFO  2019-11-08 17:10:19.213 [restartedMain] org.quartz.xml.XMLSchedulingDataProcessor Line:1015 - Adding job: KNMZ_API_GROUP.CheckAccountJob
INFO  2019-11-08 17:10:19.237 [restartedMain] org.quartz.core.QuartzScheduler Line:547 - Scheduler giftScheduler_$_DESKTOP-J8I2VCH1573204218649 started.
INFO  2019-11-08 17:10:19.258 [restartedMain] org.apache.coyote.http11.Http11NioProtocol Line:173 - Starting ProtocolHandler ["http-nio-8080"]
INFO  2019-11-08 17:10:19.301 [restartedMain] org.springframework.boot.web.embedded.tomcat.TomcatWebServer Line:204 - Tomcat started on port(s): 8080 (http) with context path '/knmz-api'
INFO  2019-11-08 17:10:19.305 [restartedMain] com.knmz.Application Line:61  - Started Application in 4.603 seconds (JVM running for 6.322)
INFO  2019-11-08 17:12:00.042 [giftScheduler_Worker-2] com.knmz.jobs.CheckAccountJob Line:24  - CheckAccountJob start
INFO  2019-11-08 17:12:00.137 [giftScheduler_Worker-2] com.knmz.service.impl.UserServiceImpl Line:44  - check account:+8615018513737
INFO  2019-11-08 17:12:00.138 [giftScheduler_Worker-2] com.knmz.jobs.CheckAccountJob Line:26  - CheckAccountJob end
INFO  2019-11-08 18:00:37.745 [restartedMain] com.knmz.Application Line:55  - Starting Application on DESKTOP-J8I2VCH with PID 84040 (started by Administrator in E:\Program Files\gitHub\test\knmz-api)
INFO  2019-11-08 18:00:37.746 [restartedMain] com.knmz.Application Line:655 - The following profiles are active: dev
INFO  2019-11-08 18:00:37.800 [restartedMain] org.springframework.boot.devtools.restart.ChangeableUrls Line:225 - The Class-Path manifest attribute in E:\Program Files\repository\org\glassfish\hk2\hk2\2.6.1\hk2-2.6.1.jar referenced one or more files that do not exist: file:/E:/Program%20Files/repository/org/glassfish/hk2/hk2/2.6.1/hk2-utils.jar,file:/E:/Program%20Files/repository/org/glassfish/hk2/hk2/2.6.1/jakarta.annotation-api.jar,file:/E:/Program%20Files/repository/org/glassfish/hk2/hk2/2.6.1/jakarta.inject.jar,file:/E:/Program%20Files/repository/org/glassfish/hk2/hk2/2.6.1/hk2-api.jar,file:/E:/Program%20Files/repository/org/glassfish/hk2/hk2/2.6.1/aopalliance-repackaged.jar,file:/E:/Program%20Files/repository/org/glassfish/hk2/hk2/2.6.1/hk2-core.jar,file:/E:/Program%20Files/repository/org/glassfish/hk2/hk2/2.6.1/hk2-locator.jar,file:/E:/Program%20Files/repository/org/glassfish/hk2/hk2/2.6.1/javassist.jar,file:/E:/Program%20Files/repository/org/glassfish/hk2/hk2/2.6.1/hk2-runlevel.jar,file:/E:/Program%20Files/repository/org/glassfish/hk2/hk2/2.6.1/class-model.jar,file:/E:/Program%20Files/repository/org/glassfish/hk2/hk2/2.6.1/asm.jar,file:/E:/Program%20Files/repository/org/glassfish/hk2/hk2/2.6.1/asm-analysis.jar,file:/E:/Program%20Files/repository/org/glassfish/hk2/hk2/2.6.1/asm-commons.jar,file:/E:/Program%20Files/repository/org/glassfish/hk2/hk2/2.6.1/asm-tree.jar,file:/E:/Program%20Files/repository/org/glassfish/hk2/hk2/2.6.1/asm-util.jar
INFO  2019-11-08 18:00:37.801 [restartedMain] org.springframework.boot.devtools.env.DevToolsPropertyDefaultsPostProcessor Line:225 - Devtools property defaults active! Set 'spring.devtools.add-properties' to 'false' to disable
INFO  2019-11-08 18:00:37.802 [restartedMain] org.springframework.boot.devtools.env.DevToolsPropertyDefaultsPostProcessor Line:225 - For additional web related logging consider setting the 'logging.level.web' property to 'DEBUG'
INFO  2019-11-08 18:00:38.566 [restartedMain] org.springframework.data.repository.config.RepositoryConfigurationDelegate Line:246 - Multiple Spring Data modules found, entering strict repository configuration mode!
INFO  2019-11-08 18:00:38.568 [restartedMain] org.springframework.data.repository.config.RepositoryConfigurationDelegate Line:126 - Bootstrapping Spring Data repositories in DEFAULT mode.
INFO  2019-11-08 18:00:38.591 [restartedMain] org.springframework.data.repository.config.RepositoryConfigurationDelegate Line:184 - Finished Spring Data repository scanning in 10ms. Found 0 repository interfaces.
INFO  2019-11-08 18:00:39.261 [restartedMain] org.springframework.boot.web.embedded.tomcat.TomcatWebServer Line:92  - Tomcat initialized with port(s): 8080 (http)
INFO  2019-11-08 18:00:39.271 [restartedMain] org.apache.coyote.http11.Http11NioProtocol Line:173 - Initializing ProtocolHandler ["http-nio-8080"]
INFO  2019-11-08 18:00:39.271 [restartedMain] org.apache.catalina.core.StandardService Line:173 - Starting service [Tomcat]
INFO  2019-11-08 18:00:39.272 [restartedMain] org.apache.catalina.core.StandardEngine Line:173 - Starting Servlet engine: [Apache Tomcat/9.0.27]
INFO  2019-11-08 18:00:39.391 [restartedMain] org.apache.catalina.core.ContainerBase.[Tomcat].[localhost].[/knmz-api] Line:173 - Initializing Spring embedded WebApplicationContext
INFO  2019-11-08 18:00:39.392 [restartedMain] org.springframework.web.context.ContextLoader Line:284 - Root WebApplicationContext: initialization completed in 1590 ms
INFO  2019-11-08 18:00:39.476 [restartedMain] org.reflections.Reflections Line:232 - Reflections took 36 ms to scan 1 urls, producing 18 keys and 18 values 
INFO  2019-11-08 18:00:39.500 [restartedMain] com.knmz.config.JerseyResourceConfig Line:33  - register resource class: class com.knmz.controller.UserController
INFO  2019-11-08 18:00:39.875 [restartedMain] com.zaxxer.hikari.HikariDataSource Line:110 - HikariPool-1 - Starting...
INFO  2019-11-08 18:00:40.022 [restartedMain] com.zaxxer.hikari.HikariDataSource Line:123 - HikariPool-1 - Start completed.
INFO  2019-11-08 18:00:40.774 [restartedMain] org.quartz.impl.StdSchedulerFactory Line:1208 - Using default implementation for ThreadExecutor
INFO  2019-11-08 18:00:40.776 [restartedMain] org.quartz.simpl.SimpleThreadPool Line:268 - Job execution threads will use class loader of thread: restartedMain
INFO  2019-11-08 18:00:40.785 [restartedMain] org.quartz.core.SchedulerSignalerImpl Line:61  - Initialized Scheduler Signaller of type: class org.quartz.core.SchedulerSignalerImpl
INFO  2019-11-08 18:00:40.785 [restartedMain] org.quartz.core.QuartzScheduler Line:229 - Quartz Scheduler v.2.3.1 created.
INFO  2019-11-08 18:00:40.786 [restartedMain] org.quartz.plugins.xml.XMLSchedulingDataProcessorPlugin Line:200 - Registering Quartz Job Initialization Plug-in.
INFO  2019-11-08 18:00:40.791 [restartedMain] org.springframework.scheduling.quartz.LocalDataSourceJobStore Line:672 - Using db table-based data access locking (synchronization).
INFO  2019-11-08 18:00:40.792 [restartedMain] org.springframework.scheduling.quartz.LocalDataSourceJobStore Line:145 - JobStoreCMT initialized.
INFO  2019-11-08 18:00:40.793 [restartedMain] org.quartz.core.QuartzScheduler Line:294 - Scheduler meta-data: Quartz Scheduler (v2.3.1) 'giftScheduler' with instanceId 'DESKTOP-J8I2VCH1573207240775'
  Scheduler class: 'org.quartz.core.QuartzScheduler' - running locally.
  NOT STARTED.
  Currently in standby mode.
  Number of jobs executed: 0
  Using thread pool 'org.quartz.simpl.SimpleThreadPool' - with 10 threads.
  Using job-store 'org.springframework.scheduling.quartz.LocalDataSourceJobStore' - which supports persistence. and is clustered.

INFO  2019-11-08 18:00:40.793 [restartedMain] org.quartz.impl.StdSchedulerFactory Line:1362 - Quartz scheduler 'giftScheduler' initialized from an externally provided properties instance.
INFO  2019-11-08 18:00:40.793 [restartedMain] org.quartz.impl.StdSchedulerFactory Line:1366 - Quartz scheduler version: 2.3.1
INFO  2019-11-08 18:00:40.794 [restartedMain] org.quartz.core.QuartzScheduler Line:2293 - JobFactory set to: org.springframework.scheduling.quartz.SpringBeanJobFactory@1b054ac4
INFO  2019-11-08 18:00:40.877 [restartedMain] org.springframework.boot.autoconfigure.security.servlet.UserDetailsServiceAutoConfiguration Line:86  - 

Using generated security password: 220ecc39-a225-441b-9f21-4100d71aba3d

INFO  2019-11-08 18:00:40.984 [restartedMain] org.springframework.security.web.DefaultSecurityFilterChain Line:43  - Creating filter chain: any request, [org.springframework.security.web.context.request.async.WebAsyncManagerIntegrationFilter@3355b2d7, org.springframework.security.web.context.SecurityContextPersistenceFilter@56557d87, org.springframework.security.web.header.HeaderWriterFilter@7a39d7da, org.springframework.security.web.csrf.CsrfFilter@7b1ac9bc, org.springframework.security.web.authentication.logout.LogoutFilter@78020722, org.springframework.security.web.authentication.UsernamePasswordAuthenticationFilter@545e0516, org.springframework.security.web.authentication.ui.DefaultLoginPageGeneratingFilter@21a5e542, org.springframework.security.web.authentication.ui.DefaultLogoutPageGeneratingFilter@3211a79, org.springframework.security.web.authentication.www.BasicAuthenticationFilter@2daf01bd, org.springframework.security.web.savedrequest.RequestCacheAwareFilter@375e6b99, org.springframework.security.web.servletapi.SecurityContextHolderAwareRequestFilter@6613a2a9, org.springframework.security.web.authentication.AnonymousAuthenticationFilter@5c2f4d73, org.springframework.security.web.session.SessionManagementFilter@368cf50, org.springframework.security.web.access.ExceptionTranslationFilter@5ccab5d8, org.springframework.security.web.access.intercept.FilterSecurityInterceptor@2cfd8725]
INFO  2019-11-08 18:00:41.057 [restartedMain] org.springframework.boot.devtools.autoconfigure.OptionalLiveReloadServer Line:58  - LiveReload server is running on port 35729
INFO  2019-11-08 18:00:41.083 [restartedMain] org.springframework.scheduling.quartz.SchedulerFactoryBean Line:727 - Starting Quartz Scheduler now
INFO  2019-11-08 18:00:41.185 [restartedMain] org.quartz.xml.XMLSchedulingDataProcessor Line:452 - Parsing XML file: jobs.xml with systemId: jobs.xml
INFO  2019-11-08 18:00:41.304 [restartedMain] org.quartz.xml.XMLSchedulingDataProcessor Line:906 - Deleting all jobs in ALL groups.
INFO  2019-11-08 18:00:41.307 [restartedMain] org.quartz.xml.XMLSchedulingDataProcessor Line:927 - Deleting all triggers in ALL groups.
INFO  2019-11-08 18:00:41.311 [restartedMain] org.quartz.xml.XMLSchedulingDataProcessor Line:977 - Adding 1 jobs, 1 triggers.
INFO  2019-11-08 18:00:41.314 [restartedMain] org.quartz.xml.XMLSchedulingDataProcessor Line:1015 - Adding job: KNMZ_API_GROUP.CheckAccountJob
INFO  2019-11-08 18:00:41.351 [restartedMain] org.quartz.core.QuartzScheduler Line:547 - Scheduler giftScheduler_$_DESKTOP-J8I2VCH1573207240775 started.
INFO  2019-11-08 18:00:41.373 [restartedMain] org.apache.coyote.http11.Http11NioProtocol Line:173 - Starting ProtocolHandler ["http-nio-8080"]
INFO  2019-11-08 18:00:41.421 [restartedMain] org.springframework.boot.web.embedded.tomcat.TomcatWebServer Line:204 - Tomcat started on port(s): 8080 (http) with context path '/knmz-api'
INFO  2019-11-08 18:00:41.426 [restartedMain] com.knmz.Application Line:61  - Started Application in 4.535 seconds (JVM running for 6.22)
INFO  2019-11-08 18:03:00.036 [giftScheduler_Worker-5] com.knmz.jobs.CheckAccountJob Line:24  - CheckAccountJob start
INFO  2019-11-08 18:03:00.145 [giftScheduler_Worker-5] com.knmz.service.impl.UserServiceImpl Line:44  - check account:+8615018513737
INFO  2019-11-08 18:03:00.145 [giftScheduler_Worker-5] com.knmz.jobs.CheckAccountJob Line:26  - CheckAccountJob end
